Using pre-set license
Built from '2021.1/release' branch; Version is '2021.1.1f1 (6fdc41dfa55a) revision 7330881'; Using compiler version '192528614'; Build Type 'Release'
OS: 'Windows 10 Pro; OS build 19044.1706; Version 2009; 64bit' Language: 'tr' Physical Memory: 8080 MB
BatchMode: 1, IsHumanControllingUs: 0, StartBugReporterOnCrash: 0, Is64bit: 1, IsPro: 0

 COMMAND LINE ARGUMENTS:
C:\Program Files\Unity\Hub\Editor\2021.1.1f1\Editor\Unity.exe
-adb2
-batchMode
-noUpm
-name
AssetImportWorker1
-projectPath
D:/Unity/Sticky Block Clone
-logFile
Logs/AssetImportWorker1.log
-srvPort
64055
Successfully changed project path to: D:/Unity/Sticky Block Clone
D:/Unity/Sticky Block Clone
Using Asset Import Pipeline V2.
Refreshing native plugins compatible for Editor in 82.74 ms, found 1 plugins.
Preloading 0 native plugins for Editor in 0.00 ms.
Initialize engine version: 2021.1.1f1 (6fdc41dfa55a)
[Subsystems] Discovering subsystems at path C:/Program Files/Unity/Hub/Editor/2021.1.1f1/Editor/Data/Resources/UnitySubsystems
[Subsystems] Discovering subsystems at path D:/Unity/Sticky Block Clone/Assets
GfxDevice: creating device client; threaded=0; jobified=0
Direct3D:
    Version:  Direct3D 11.0 [level 11.1]
    Renderer: NVIDIA GeForce MX150 (ID=0x1d10)
    Vendor:   NVIDIA
    VRAM:     1983 MB
    Driver:   30.0.15.1295
Initialize mono
Mono path[0] = 'C:/Program Files/Unity/Hub/Editor/2021.1.1f1/Editor/Data/Managed'
Mono path[1] = 'C:/Program Files/Unity/Hub/Editor/2021.1.1f1/Editor/Data/MonoBleedingEdge/lib/mono/unityjit'
Mono config path = 'C:/Program Files/Unity/Hub/Editor/2021.1.1f1/Editor/Data/MonoBleedingEdge/etc'
Using monoOptions --debugger-agent=transport=dt_socket,embedding=1,server=y,suspend=n,address=127.0.0.1:56108
Begin MonoManager ReloadAssembly
Registering precompiled unity dll's ...
Register platform support module: C:/Program Files/Unity/Hub/Editor/2021.1.1f1/Editor/Data/PlaybackEngines/WindowsStandaloneSupport/UnityEditor.WindowsStandalone.Extensions.dll
Registered in 0.001201 seconds.
Native extension for WindowsStandalone target not found
Refreshing native plugins compatible for Editor in 90.89 ms, found 1 plugins.
Preloading 0 native plugins for Editor in 0.00 ms.
Mono: successfully reloaded assembly
- Completed reload, in  1.851 seconds
Platform modules already initialized, skipping
Registering precompiled user dll's ...
Registered in 0.003452 seconds.
Begin MonoManager ReloadAssembly
Native extension for WindowsStandalone target not found
Refreshing native plugins compatible for Editor in 0.67 ms, found 1 plugins.
Preloading 0 native plugins for Editor in 0.00 ms.
Mono: successfully reloaded assembly
- Completed reload, in  1.045 seconds
Platform modules already initialized, skipping
========================================================================
Worker process is ready to serve import requests
Launched and connected shader compiler UnityShaderCompiler.exe after 0.07 seconds
Refreshing native plugins compatible for Editor in 0.75 ms, found 1 plugins.
Preloading 0 native plugins for Editor in 0.00 ms.
Unloading 2674 Unused Serialized files (Serialized files now loaded: 0)
System memory in use before: 98.8 MB.
System memory in use after: 98.9 MB.

Unloading 15 unused Assets to reduce memory usage. Loaded Objects now: 3127.
Total: 3.095100 ms (FindLiveObjects: 0.453900 ms CreateObjectMapping: 0.432900 ms MarkObjects: 2.091500 ms  DeleteObjects: 0.113900 ms)

========================================================================
Received Import Request.
  path: Assets/SimpleCumulus/Skyboxes/PlainColor/Blue/SimpleCumulus_Blue_01/Textures/Right.2048x2048.png
  artifactKey: Guid(724a07cdb0a92c0439cc8904b1105028) Importer(815301076,1909f56bfc062723c751e8b465ee728b)
Start importing Assets/SimpleCumulus/Skyboxes/PlainColor/Blue/SimpleCumulus_Blue_01/Textures/Right.2048x2048.png using Guid(724a07cdb0a92c0439cc8904b1105028) Importer(815301076,1909f56bfc062723c751e8b465ee728b)  -> (artifact id: 'b802dc5b6e021fb2b5a5486190635ce5') in 0.688914 seconds 
========================================================================
Received Import Request.
  Time since last request: 0.000571 seconds.
  path: Assets/SimpleCumulus/Skyboxes/PlainColor/Blue/SimpleCumulus_Blue_01/Textures/Down.2048x2048.png
  artifactKey: Guid(f80680f1ef49d684e9af2c521fb1ba2b) Importer(815301076,1909f56bfc062723c751e8b465ee728b)
Start importing Assets/SimpleCumulus/Skyboxes/PlainColor/Blue/SimpleCumulus_Blue_01/Textures/Down.2048x2048.png using Guid(f80680f1ef49d684e9af2c521fb1ba2b) Importer(815301076,1909f56bfc062723c751e8b465ee728b)  -> (artifact id: 'c016fc56c2199a7355e2d3b1656af5c4') in 0.392600 seconds 
========================================================================
Received Import Request.
  Time since last request: 0.000329 seconds.
  path: Assets/SimpleCumulus/Skyboxes/PlainColor/Blue/SimpleCumulus_Blue_01/Textures/Back.2048x2048.png
  artifactKey: Guid(7805bf80f0bf367438353641189fcbf3) Importer(815301076,1909f56bfc062723c751e8b465ee728b)
Start importing Assets/SimpleCumulus/Skyboxes/PlainColor/Blue/SimpleCumulus_Blue_01/Textures/Back.2048x2048.png using Guid(7805bf80f0bf367438353641189fcbf3) Importer(815301076,1909f56bfc062723c751e8b465ee728b)  -> (artifact id: '47170d3b0bd2e3d94b59c5b845671d05') in 0.536906 seconds 
========================================================================
Received Import Request.
  Time since last request: 0.000386 seconds.
  path: Assets/SimpleCumulus/Skyboxes/PlainColor/Blue/SimpleCumulus_Blue_01/Textures/Up.2048x2048.png
  artifactKey: Guid(8c359ef7022058f4abb2dfa60b64c1cb) Importer(815301076,1909f56bfc062723c751e8b465ee728b)
Start importing Assets/SimpleCumulus/Skyboxes/PlainColor/Blue/SimpleCumulus_Blue_01/Textures/Up.2048x2048.png using Guid(8c359ef7022058f4abb2dfa60b64c1cb) Importer(815301076,1909f56bfc062723c751e8b465ee728b)  -> (artifact id: '41e1862427b591ad1719f5d0529c121f') in 0.382439 seconds 
========================================================================
Received Import Request.
  Time since last request: 0.000378 seconds.
  path: Assets/SimpleCumulus/Skyboxes/PlainColor/Blue/SimpleCumulus_Blue_01/Textures/Front.2048x2048.png
  artifactKey: Guid(b76adb6a4cf115e47aeaff8fca372de9) Importer(815301076,1909f56bfc062723c751e8b465ee728b)
Start importing Assets/SimpleCumulus/Skyboxes/PlainColor/Blue/SimpleCumulus_Blue_01/Textures/Front.2048x2048.png using Guid(b76adb6a4cf115e47aeaff8fca372de9) Importer(815301076,1909f56bfc062723c751e8b465ee728b)  -> (artifact id: '5f4b6921a7faf594f624a8fa4ba5bc36') in 0.615115 seconds 
========================================================================
Received Import Request.
  Time since last request: 0.000380 seconds.
  path: Assets/SimpleCumulus/Skyboxes/PlainColor/Blue/SimpleCumulus_Blue_01/Textures/Left.2048x2048.png
  artifactKey: Guid(d02581b05a2332d4ea61f0e37e877a68) Importer(815301076,1909f56bfc062723c751e8b465ee728b)
Start importing Assets/SimpleCumulus/Skyboxes/PlainColor/Blue/SimpleCumulus_Blue_01/Textures/Left.2048x2048.png using Guid(d02581b05a2332d4ea61f0e37e877a68) Importer(815301076,1909f56bfc062723c751e8b465ee728b)  -> (artifact id: 'c8b85162a5ec687befce9401a72c180a') in 0.547475 seconds 
========================================================================
Received Import Request.
  Time since last request: 0.000434 seconds.
  path: Assets/SimpleCumulus/Skyboxes/Gradient/SimpleCumulus_Gradient_01/SimpleCumulus_Gradient_01.mat
  artifactKey: Guid(4d0e0ffc7a6c1bf44b435e0b23260f8c) Importer(815301076,1909f56bfc062723c751e8b465ee728b)
Start importing Assets/SimpleCumulus/Skyboxes/Gradient/SimpleCumulus_Gradient_01/SimpleCumulus_Gradient_01.mat using Guid(4d0e0ffc7a6c1bf44b435e0b23260f8c) Importer(815301076,1909f56bfc062723c751e8b465ee728b)  -> (artifact id: 'e1f56d86c10a0078cd8aa41782507cc8') in 0.449481 seconds 
========================================================================
Received Prepare
Registering precompiled user dll's ...
Registered in 0.002702 seconds.
Begin MonoManager ReloadAssembly
Native extension for WindowsStandalone target not found
Refreshing native plugins compatible for Editor in 0.55 ms, found 1 plugins.
Preloading 0 native plugins for Editor in 0.00 ms.
Mono: successfully reloaded assembly
- Completed reload, in  3.447 seconds
Platform modules already initialized, skipping
Switching build target platform(19) subTarget(0) extendedPlatform(0) -> platform(13) subTarget(537395200) extendedPlatform(0)
Refreshing native plugins compatible for Editor in 0.59 ms, found 1 plugins.
Preloading 0 native plugins for Editor in 0.00 ms.
Unloading 2677 Unused Serialized files (Serialized files now loaded: 0)
System memory in use before: 200.9 MB.
System memory in use after: 201.1 MB.

Unloading 10 unused Assets to reduce memory usage. Loaded Objects now: 3261.
Total: 5.465500 ms (FindLiveObjects: 0.898800 ms CreateObjectMapping: 0.511400 ms MarkObjects: 3.963800 ms  DeleteObjects: 0.089200 ms)

AssetImportParameters requested are different than current active one (requested -> active):
  custom:graphics/normal-map-encoding: 01000000000000000000000000000000 -> 02000000000000000000000000000000
========================================================================
Received Import Request.
  Time since last request: 549.300276 seconds.
  path: Assets/SimpleCumulus/Skyboxes/PlainColor/Blue/SimpleCumulus_Blue_01/SimpleCumulus_Blue_01.mat
  artifactKey: Guid(3802fb8899dc2df428fb805843045a49) Importer(815301076,1909f56bfc062723c751e8b465ee728b)
Start importing Assets/SimpleCumulus/Skyboxes/PlainColor/Blue/SimpleCumulus_Blue_01/SimpleCumulus_Blue_01.mat using Guid(3802fb8899dc2df428fb805843045a49) Importer(815301076,1909f56bfc062723c751e8b465ee728b)  -> (artifact id: 'ecefb402120b4ec7ad5487a2ce186411') in 0.313088 seconds 
========================================================================
Received Import Request.
  Time since last request: 165.501528 seconds.
  path: Assets/SimpleCumulus/Skyboxes/Gradient/SimpleCumulus_Gradient_01/SimpleCumulus_Gradient_01.mat
  artifactKey: Guid(4d0e0ffc7a6c1bf44b435e0b23260f8c) Importer(815301076,1909f56bfc062723c751e8b465ee728b)
Start importing Assets/SimpleCumulus/Skyboxes/Gradient/SimpleCumulus_Gradient_01/SimpleCumulus_Gradient_01.mat using Guid(4d0e0ffc7a6c1bf44b435e0b23260f8c) Importer(815301076,1909f56bfc062723c751e8b465ee728b)  -> (artifact id: '6b34bee0053f710ebf4ca684a40c1d1d') in 0.653514 seconds 
========================================================================
Received Prepare
Registering precompiled user dll's ...
Registered in 0.033007 seconds.
Begin MonoManager ReloadAssembly
Native extension for WindowsStandalone target not found
Refreshing native plugins compatible for Editor in 0.60 ms, found 1 plugins.
Preloading 0 native plugins for Editor in 0.00 ms.
Mono: successfully reloaded assembly
- Completed reload, in  1.124 seconds
Platform modules already initialized, skipping
Switching build target platform(19) subTarget(0) extendedPlatform(0) -> platform(13) subTarget(537395200) extendedPlatform(0)
Refreshing native plugins compatible for Editor in 0.59 ms, found 1 plugins.
Preloading 0 native plugins for Editor in 0.00 ms.
Unloading 2671 Unused Serialized files (Serialized files now loaded: 0)
System memory in use before: 200.9 MB.
System memory in use after: 201.1 MB.

Unloading 10 unused Assets to reduce memory usage. Loaded Objects now: 3265.
Total: 2.917300 ms (FindLiveObjects: 0.240100 ms CreateObjectMapping: 0.184000 ms MarkObjects: 2.364800 ms  DeleteObjects: 0.127000 ms)

AssetImportParameters requested are different than current active one (requested -> active):
  custom:graphics/normal-map-encoding: 01000000000000000000000000000000 -> 02000000000000000000000000000000
========================================================================
Received Import Request.
  Time since last request: 178.197142 seconds.
  path: Assets/SimpleCumulus/Skyboxes/Gradient/SimpleCumulus_Gradient_02/Textures
  artifactKey: Guid(89fb219967edad04881be5562464ab74) Importer(815301076,1909f56bfc062723c751e8b465ee728b)
Start importing Assets/SimpleCumulus/Skyboxes/Gradient/SimpleCumulus_Gradient_02/Textures using Guid(89fb219967edad04881be5562464ab74) Importer(815301076,1909f56bfc062723c751e8b465ee728b)  -> (artifact id: 'e670e8778e8907340277818b415ac170') in 0.031156 seconds 
========================================================================
Received Import Request.
  Time since last request: 0.041366 seconds.
  path: Assets/SimpleCumulus/Skyboxes/Gradient/SimpleCumulus_Gradient_02/Textures/Back.2048x2048.png
  artifactKey: Guid(1b603df15ac97344f9f129811d78694f) Importer(815301076,1909f56bfc062723c751e8b465ee728b)
Start importing Assets/SimpleCumulus/Skyboxes/Gradient/SimpleCumulus_Gradient_02/Textures/Back.2048x2048.png using Guid(1b603df15ac97344f9f129811d78694f) Importer(815301076,1909f56bfc062723c751e8b465ee728b)  -> (artifact id: '32d381f8aee9baa450888ed6b0f43669') in 0.137861 seconds 
========================================================================
Received Import Request.
  Time since last request: 0.000477 seconds.
  path: Assets/SimpleCumulus/Skyboxes/Gradient/SimpleCumulus_Gradient_02/Textures/Front.2048x2048.png
  artifactKey: Guid(b978c71e294bd4248b8cd1bf23dd884b) Importer(815301076,1909f56bfc062723c751e8b465ee728b)
Start importing Assets/SimpleCumulus/Skyboxes/Gradient/SimpleCumulus_Gradient_02/Textures/Front.2048x2048.png using Guid(b978c71e294bd4248b8cd1bf23dd884b) Importer(815301076,1909f56bfc062723c751e8b465ee728b)  -> (artifact id: '3abc340b3336242f3137a153a03a82ea') in 0.063008 seconds 
========================================================================
Received Import Request.
  Time since last request: 0.000344 seconds.
  path: Assets/SimpleCumulus/Skyboxes/Gradient/SimpleCumulus_Gradient_02/Textures/Left.2048x2048.png
  artifactKey: Guid(5035720e38439f24eb64b7c341306419) Importer(815301076,1909f56bfc062723c751e8b465ee728b)
Start importing Assets/SimpleCumulus/Skyboxes/Gradient/SimpleCumulus_Gradient_02/Textures/Left.2048x2048.png using Guid(5035720e38439f24eb64b7c341306419) Importer(815301076,1909f56bfc062723c751e8b465ee728b)  -> (artifact id: '95221332824a9693f1f3d0b49387f5af') in 0.072028 seconds 
========================================================================
Received Import Request.
  Time since last request: 0.000885 seconds.
  path: Assets/SimpleCumulus/Skyboxes/Gradient/SimpleCumulus_Gradient_02/Textures/Down.2048x2048.png
  artifactKey: Guid(6e82570b55656ed48b5f3e75049cf09a) Importer(815301076,1909f56bfc062723c751e8b465ee728b)
Start importing Assets/SimpleCumulus/Skyboxes/Gradient/SimpleCumulus_Gradient_02/Textures/Down.2048x2048.png using Guid(6e82570b55656ed48b5f3e75049cf09a) Importer(815301076,1909f56bfc062723c751e8b465ee728b)  -> (artifact id: 'cbef0411206ca18431bc905c4397dd0a') in 0.054783 seconds 
========================================================================
Received Import Request.
  Time since last request: 0.001142 seconds.
  path: Assets/SimpleCumulus/Skyboxes/Gradient/SimpleCumulus_Gradient_02/Textures/Right.2048x2048.png
  artifactKey: Guid(64aaf6e2b97b25e4d8abd0ea715a170c) Importer(815301076,1909f56bfc062723c751e8b465ee728b)
Start importing Assets/SimpleCumulus/Skyboxes/Gradient/SimpleCumulus_Gradient_02/Textures/Right.2048x2048.png using Guid(64aaf6e2b97b25e4d8abd0ea715a170c) Importer(815301076,1909f56bfc062723c751e8b465ee728b)  -> (artifact id: '43aaa4a9adf6c01ff9d8ed06e5de2f04') in 0.065637 seconds 
========================================================================
Received Import Request.
  Time since last request: 0.000772 seconds.
  path: Assets/SimpleCumulus/Skyboxes/Gradient/SimpleCumulus_Gradient_02/Textures/Up.2048x2048.png
  artifactKey: Guid(ac1e7387b16e15b4695a26c60e95457b) Importer(815301076,1909f56bfc062723c751e8b465ee728b)
Start importing Assets/SimpleCumulus/Skyboxes/Gradient/SimpleCumulus_Gradient_02/Textures/Up.2048x2048.png using Guid(ac1e7387b16e15b4695a26c60e95457b) Importer(815301076,1909f56bfc062723c751e8b465ee728b)  -> (artifact id: 'b5358748c7e231bbbc1d16399ecf850f') in 0.066320 seconds 
========================================================================
Received Import Request.
  Time since last request: 226.512106 seconds.
  path: Assets/SimpleCumulus
  artifactKey: Guid(74612554f72e2cf46a60080abb1073dd) Importer(815301076,1909f56bfc062723c751e8b465ee728b)
Start importing Assets/SimpleCumulus using Guid(74612554f72e2cf46a60080abb1073dd) Importer(815301076,1909f56bfc062723c751e8b465ee728b)  -> (artifact id: '4476c1e3bf7ef5e38fc44cfa88afaef9') in 0.009752 seconds 
========================================================================
Received Prepare
Registering precompiled user dll's ...
Registered in 0.004207 seconds.
Begin MonoManager ReloadAssembly
Native extension for WindowsStandalone target not found
Refreshing native plugins compatible for Editor in 0.68 ms, found 1 plugins.
Preloading 0 native plugins for Editor in 0.00 ms.
Mono: successfully reloaded assembly
- Completed reload, in  1.245 seconds
Platform modules already initialized, skipping
Switching build target platform(19) subTarget(0) extendedPlatform(0) -> platform(13) subTarget(537395200) extendedPlatform(0)
Refreshing native plugins compatible for Editor in 0.60 ms, found 1 plugins.
Preloading 0 native plugins for Editor in 0.00 ms.
Unloading 2671 Unused Serialized files (Serialized files now loaded: 0)
System memory in use before: 203.4 MB.
System memory in use after: 203.6 MB.

Unloading 10 unused Assets to reduce memory usage. Loaded Objects now: 3352.
Total: 2.864700 ms (FindLiveObjects: 0.589500 ms CreateObjectMapping: 0.227900 ms MarkObjects: 1.980100 ms  DeleteObjects: 0.066300 ms)

AssetImportParameters requested are different than current active one (requested -> active):
  custom:graphics/normal-map-encoding: 01000000000000000000000000000000 -> 02000000000000000000000000000000
